
SQL*Loader: Release 12.1.0.2.0 - Production on Fri Feb 9 12:29:47 2018

Copyright (c) 1982, 2014, Oracle and/or its affiliates.  All rights reserved.

Control File:   sql_py/ctl_files/ai_group_stats_replace.ctl
Data File:      tables/ai_group_stats.txt
  Bad File:     sql_py/ctl_files/ai_group_stats.bad
  Discard File:  none specified
 
 (Allow all discards)

Number to load: ALL
Number to skip: 1
Errors allowed: 999999
Bind array:     64 rows, maximum of 256000 bytes
Continuation:    none specified
Path used:      Conventional

Table AI_GROUP_STATS, loaded from every logical record.
Insert option in effect for this table: TRUNCATE
TRAILING NULLCOLS option in effect

   Column Name                  Position   Len  Term Encl Datatype
------------------------------ ---------- ----- ---- ---- ---------------------
CHEM_CODE                           FIRST     *  WHT      CHARACTER            
AI_GROUP                             NEXT     *  WHT      CHARACTER            
SITE_GENERAL                         NEXT     *  WHT      CHARACTER            
REGNO_SHORT                          NEXT     *  WHT      CHARACTER            
AGO_IND                              NEXT     *  WHT      CHARACTER            
UNIT_TREATED                         NEXT     *  WHT      CHARACTER            
CHEMNAME                             NEXT     *  WHT      CHARACTER            
AI_NAME                              NEXT     *  WHT      CHARACTER            
AI_ADJUVANT                          NEXT     *  WHT      CHARACTER            
MEAN_TRIM                            NEXT     *  WHT      CHARACTER            
MEAN                                 NEXT     *  WHT      CHARACTER            
MEDIAN                               NEXT     *  WHT      CHARACTER            
SD_RATE_TRIM                         NEXT     *  WHT      CHARACTER            
SD_RATE_TRIM_ORIG                    NEXT     *  WHT      CHARACTER            
SD_RATE                              NEXT     *  WHT      CHARACTER            
SUM_SQ_RATE_TRIM                     NEXT     *  WHT      CHARACTER            
NUM_RECS                             NEXT     *  WHT      CHARACTER            
NUM_RECS_TRIM                        NEXT     *  WHT      CHARACTER            
YEAR                                 NEXT     *  WHT      CHARACTER            

value used for ROWS parameter changed from 64 to 52

Table AI_GROUP_STATS:
  42 Rows successfully loaded.
  0 Rows not loaded due to data errors.
  0 Rows not loaded because all WHEN clauses were failed.
  0 Rows not loaded because all fields were null.


Space allocated for bind array:                 254904 bytes(52 rows)
Read   buffer bytes: 1048576

Total logical records skipped:          1
Total logical records read:            42
Total logical records rejected:         0
Total logical records discarded:        0

Run began on Fri Feb 09 12:29:47 2018
Run ended on Fri Feb 09 12:29:49 2018

Elapsed time was:     00:00:01.75
CPU time was:         00:00:00.03
