
SQL*Loader: Release 12.1.0.2.0 - Production on Wed Mar 28 12:09:21 2018

Copyright (c) 1982, 2014, Oracle and/or its affiliates.  All rights reserved.

Control File:   outlier_final_stats.ctl
Data File:      ../../tables/outlier_final_stats.txt
  Bad File:     outlier_final_stats.bad
  Discard File:  none specified
 
 (Allow all discards)

Number to load: ALL
Number to skip: 1
Errors allowed: 999999
Bind array:     64 rows, maximum of 256000 bytes
Continuation:    none specified
Path used:      Conventional

Table OUTLIER_FINAL_STATS, loaded from every logical record.
Insert option in effect for this table: TRUNCATE
TRAILING NULLCOLS option in effect

   Column Name                  Position   Len  Term Encl Datatype
------------------------------ ---------- ----- ---- ---- ---------------------
AGO_IND                             FIRST     *  WHT      CHARACTER            
UNIT_TREATED                         NEXT     *  WHT      CHARACTER            
AI_RATE_TYPE                         NEXT     *  WHT      CHARACTER            
SITE_TYPE                            NEXT     *  WHT      CHARACTER            
FIXED2                               NEXT     *  WHT      CHARACTER            
MEAN_LIMIT                           NEXT     *  WHT      CHARACTER            


Table OUTLIER_FINAL_STATS:
  35 Rows successfully loaded.
  0 Rows not loaded due to data errors.
  0 Rows not loaded because all WHEN clauses were failed.
  0 Rows not loaded because all fields were null.


Space allocated for bind array:                  99072 bytes(64 rows)
Read   buffer bytes: 1048576

Total logical records skipped:          1
Total logical records read:            35
Total logical records rejected:         0
Total logical records discarded:        0

Run began on Wed Mar 28 12:09:21 2018
Run ended on Wed Mar 28 12:09:25 2018

Elapsed time was:     00:00:03.90
CPU time was:         00:00:00.01
